WARNING 2023-12-06 19:07:24,991 log log.py 241 log_response Not Found: /image/worldmap.png
WARNING 2023-12-06 19:07:39,831 log log.py 241 log_response Not Found: /image/worldmap.png
WARNING 2023-12-06 19:07:42,025 log log.py 241 log_response Not Found: /image/worldmap.png
WARNING 2023-12-06 19:07:42,032 log log.py 241 log_response Not Found: /media/images/81dFDRqDhIL._SL1418__MloRZNR.jpg
WARNING 2023-12-06 19:08:00,621 log log.py 241 log_response Not Found: /basket/image/worldmap.png
WARNING 2023-12-06 19:08:05,351 log log.py 241 log_response Not Found: /basket/image/worldmap.png
WARNING 2023-12-06 19:08:26,429 log log.py 241 log_response Not Found: /checkout/image/worldmap.png
WARNING 2023-12-06 19:08:40,050 log log.py 241 log_response Not Found: /checkout/set_delivery_address/image/worldmap.png
WARNING 2023-12-06 19:08:46,098 log log.py 241 log_response Not Found: /checkout/delivery_address/image/worldmap.png
WARNING 2023-12-06 19:08:48,414 log log.py 241 log_response Not Found: /checkout/payment_selection/image/worldmap.png
WARNING 2023-12-06 19:09:13,862 log log.py 241 log_response Not Found: /checkout/payment_successful/image/worldmap.png
WARNING 2023-12-06 19:09:16,238 log log.py 241 log_response Not Found: /account/orders/image/worldmap.png
WARNING 2023-12-06 19:09:23,937 log log.py 241 log_response Not Found: /image/worldmap.png
WARNING 2023-12-06 19:12:08,699 log log.py 241 log_response Not Found: /blog/intel-looks-at-ai-as-a-tool-that-solves-everyday-problems-says-vp-alexis-crowell/assets/images/favicon.png
WARNING 2023-12-07 10:49:19,429 log log.py 241 log_response Not Found: /favicon.ico
WARNING 2023-12-07 11:25:06,703 log log.py 241 log_response Not Found: /blog/assets/images/favicon.png
WARNING 2023-12-07 11:56:23,700 log log.py 241 log_response Not Found: /media/images/81dFDRqDhIL._SL1418__MloRZNR.jpg
WARNING 2023-12-07 12:28:34,307 log log.py 241 log_response Not Found: /media/images/81dFDRqDhIL._SL1418__MloRZNR.jpg
WARNING 2023-12-07 12:31:29,388 log log.py 241 log_response Not Found: /media/images/81dFDRqDhIL._SL1418__MloRZNR.jpg
WARNING 2023-12-07 12:33:17,014 log log.py 241 log_response Not Found: /media/images/81dFDRqDhIL._SL1418__MloRZNR.jpg
WARNING 2023-12-07 12:34:18,138 log log.py 241 log_response Not Found: /blog/india-plans-to-change-the-weather-to-fight-back-against-deadly-smog/assets/images/favicon.png
WARNING 2023-12-07 15:55:40,531 log log.py 241 log_response Not Found: /media/images/default.png
WARNING 2023-12-07 20:02:48,240 log log.py 241 log_response Not Found: /favicon.ico
WARNING 2023-12-07 20:23:23,758 log log.py 241 log_response Not Found: /media/images/icons8-search-80.png
WARNING 2023-12-07 20:23:23,758 log log.py 241 log_response Not Found: /media/images/pexels-photo-220453.webp
WARNING 2023-12-07 20:23:23,765 log log.py 241 log_response Not Found: /media/images/pexels-photo-2379004.jpeg
WARNING 2023-12-07 20:23:23,767 log log.py 241 log_response Not Found: /media/images/pexels-photo-5378700.webp
WARNING 2023-12-07 20:23:23,772 log log.py 241 log_response Not Found: /media/images/pexels-photo-1102341.webp
WARNING 2023-12-07 20:23:23,803 log log.py 241 log_response Not Found: /media/images/rahul_pic_.jpeg
WARNING 2023-12-07 20:23:23,809 log log.py 241 log_response Not Found: /media/images/pexels-photo-1212984.webp
WARNING 2023-12-07 20:23:23,814 log log.py 241 log_response Not Found: /media/images/portrait-photography-profile-face-one-38289.jpeg
WARNING 2023-12-07 20:23:23,819 log log.py 241 log_response Not Found: /media/images/India_Air_Pollution_14005.jpg
WARNING 2023-12-07 20:23:23,825 log log.py 241 log_response Not Found: /media/images/intel-ai.webp
WARNING 2023-12-07 20:23:23,832 log log.py 241 log_response Not Found: /media/images/Sea-worm-20231125.jpg
WARNING 2023-12-07 20:23:23,838 log log.py 241 log_response Not Found: /media/images/cRRqZguM2iX38GsQppG3q6-650-80.jpg.webp
WARNING 2023-12-07 20:23:23,843 log log.py 241 log_response Not Found: /media/images/Planets-in-sync-20231130.jpg
WARNING 2023-12-07 20:23:24,319 log log.py 241 log_response Not Found: /media/images/pexels-photo-220453.webp
WARNING 2023-12-07 20:23:24,320 log log.py 241 log_response Not Found: /media/images/pexels-photo-2379004.jpeg
WARNING 2023-12-07 20:23:24,322 log log.py 241 log_response Not Found: /media/images/pexels-photo-5378700.webp
WARNING 2023-12-07 20:23:24,323 log log.py 241 log_response Not Found: /media/images/portrait-photography-profile-face-one-38289.jpeg
WARNING 2023-12-07 20:23:24,325 log log.py 241 log_response Not Found: /media/images/pexels-photo-1212984.webp
WARNING 2023-12-07 20:23:24,328 log log.py 241 log_response Not Found: /media/images/pexels-photo-1102341.webp
WARNING 2023-12-07 20:23:24,329 log log.py 241 log_response Not Found: /media/images/India_Air_Pollution_14005.jpg
WARNING 2023-12-07 20:23:24,331 log log.py 241 log_response Not Found: /media/images/intel-ai.webp
WARNING 2023-12-07 20:23:24,334 log log.py 241 log_response Not Found: /media/images/Sea-worm-20231125.jpg
WARNING 2023-12-07 20:23:24,337 log log.py 241 log_response Not Found: /media/images/Planets-in-sync-20231130.jpg
WARNING 2023-12-07 20:23:24,340 log log.py 241 log_response Not Found: /media/images/cRRqZguM2iX38GsQppG3q6-650-80.jpg.webp
WARNING 2023-12-07 20:24:02,667 log log.py 241 log_response Not Found: /media/images/icons8-search-80.png
WARNING 2023-12-07 20:24:02,669 log log.py 241 log_response Not Found: /static/css/product_page.css
WARNING 2023-12-07 20:24:02,680 log log.py 241 log_response Not Found: /media/images/rahul_pic_.jpeg
WARNING 2023-12-07 20:24:02,711 log log.py 241 log_response Not Found: /static/css/product_page.css
WARNING 2023-12-07 20:24:07,403 log log.py 241 log_response Not Found: /media/images/icons8-search-80.png
WARNING 2023-12-07 20:24:07,405 log log.py 241 log_response Not Found: /media/images/pexels-photo-220453.webp
WARNING 2023-12-07 20:24:07,412 log log.py 241 log_response Not Found: /media/images/pexels-photo-2379004.jpeg
WARNING 2023-12-07 20:24:07,414 log log.py 241 log_response Not Found: /media/images/pexels-photo-5378700.webp
WARNING 2023-12-07 20:24:07,434 log log.py 241 log_response Not Found: /media/images/pexels-photo-1102341.webp
WARNING 2023-12-07 20:24:07,446 log log.py 241 log_response Not Found: /media/images/rahul_pic_.jpeg
WARNING 2023-12-07 20:24:07,454 log log.py 241 log_response Not Found: /media/images/pexels-photo-1212984.webp
WARNING 2023-12-07 20:24:07,455 log log.py 241 log_response Not Found: /media/images/portrait-photography-profile-face-one-38289.jpeg
WARNING 2023-12-07 20:24:07,456 log log.py 241 log_response Not Found: /media/images/India_Air_Pollution_14005.jpg
WARNING 2023-12-07 20:24:07,457 log log.py 241 log_response Not Found: /media/images/intel-ai.webp
WARNING 2023-12-07 20:24:07,458 log log.py 241 log_response Not Found: /media/images/Sea-worm-20231125.jpg
WARNING 2023-12-07 20:24:07,458 log log.py 241 log_response Not Found: /media/images/cRRqZguM2iX38GsQppG3q6-650-80.jpg.webp
WARNING 2023-12-07 20:24:07,469 log log.py 241 log_response Not Found: /media/images/Planets-in-sync-20231130.jpg
WARNING 2023-12-07 20:24:07,615 log log.py 241 log_response Not Found: /media/images/pexels-photo-220453.webp
WARNING 2023-12-07 20:24:07,616 log log.py 241 log_response Not Found: /media/images/pexels-photo-2379004.jpeg
WARNING 2023-12-07 20:24:07,617 log log.py 241 log_response Not Found: /media/images/pexels-photo-5378700.webp
WARNING 2023-12-07 20:24:07,618 log log.py 241 log_response Not Found: /media/images/portrait-photography-profile-face-one-38289.jpeg
WARNING 2023-12-07 20:24:07,619 log log.py 241 log_response Not Found: /media/images/pexels-photo-1212984.webp
WARNING 2023-12-07 20:24:07,619 log log.py 241 log_response Not Found: /media/images/pexels-photo-1102341.webp
WARNING 2023-12-07 20:24:07,628 log log.py 241 log_response Not Found: /media/images/India_Air_Pollution_14005.jpg
WARNING 2023-12-07 20:24:07,629 log log.py 241 log_response Not Found: /media/images/intel-ai.webp
WARNING 2023-12-07 20:24:07,629 log log.py 241 log_response Not Found: /media/images/Sea-worm-20231125.jpg
WARNING 2023-12-07 20:24:07,630 log log.py 241 log_response Not Found: /media/images/Planets-in-sync-20231130.jpg
WARNING 2023-12-07 20:24:07,631 log log.py 241 log_response Not Found: /media/images/cRRqZguM2iX38GsQppG3q6-650-80.jpg.webp
WARNING 2023-12-07 20:26:51,676 log log.py 241 log_response Not Found: /media/images/pexels-photo-220453.webp
WARNING 2023-12-07 20:26:51,676 log log.py 241 log_response Not Found: /media/images/icons8-search-80.png
WARNING 2023-12-07 20:26:51,692 log log.py 241 log_response Not Found: /media/images/pexels-photo-2379004.jpeg
WARNING 2023-12-07 20:26:51,694 log log.py 241 log_response Not Found: /media/images/pexels-photo-5378700.webp
WARNING 2023-12-07 20:26:51,700 log log.py 241 log_response Not Found: /media/images/pexels-photo-1102341.webp
WARNING 2023-12-07 20:26:51,726 log log.py 241 log_response Not Found: /media/images/rahul_pic_.jpeg
WARNING 2023-12-07 20:26:51,732 log log.py 241 log_response Not Found: /media/images/pexels-photo-1212984.webp
WARNING 2023-12-07 20:26:51,739 log log.py 241 log_response Not Found: /media/images/portrait-photography-profile-face-one-38289.jpeg
WARNING 2023-12-07 20:26:51,739 log log.py 241 log_response Not Found: /media/images/India_Air_Pollution_14005.jpg
WARNING 2023-12-07 20:26:51,746 log log.py 241 log_response Not Found: /media/images/intel-ai.webp
WARNING 2023-12-07 20:26:51,754 log log.py 241 log_response Not Found: /media/images/Sea-worm-20231125.jpg
WARNING 2023-12-07 20:26:51,759 log log.py 241 log_response Not Found: /media/images/cRRqZguM2iX38GsQppG3q6-650-80.jpg.webp
WARNING 2023-12-07 20:26:51,765 log log.py 241 log_response Not Found: /media/images/Planets-in-sync-20231130.jpg
WARNING 2023-12-07 20:26:52,103 log log.py 241 log_response Not Found: /media/images/pexels-photo-220453.webp
WARNING 2023-12-07 20:26:52,104 log log.py 241 log_response Not Found: /media/images/pexels-photo-2379004.jpeg
WARNING 2023-12-07 20:26:52,104 log log.py 241 log_response Not Found: /media/images/pexels-photo-5378700.webp
WARNING 2023-12-07 20:26:52,105 log log.py 241 log_response Not Found: /media/images/portrait-photography-profile-face-one-38289.jpeg
WARNING 2023-12-07 20:26:52,106 log log.py 241 log_response Not Found: /media/images/pexels-photo-1212984.webp
WARNING 2023-12-07 20:26:52,107 log log.py 241 log_response Not Found: /media/images/pexels-photo-1102341.webp
WARNING 2023-12-07 20:26:52,111 log log.py 241 log_response Not Found: /media/images/India_Air_Pollution_14005.jpg
WARNING 2023-12-07 20:26:52,113 log log.py 241 log_response Not Found: /media/images/Sea-worm-20231125.jpg
WARNING 2023-12-07 20:26:52,114 log log.py 241 log_response Not Found: /media/images/intel-ai.webp
WARNING 2023-12-07 20:26:52,117 log log.py 241 log_response Not Found: /media/images/Planets-in-sync-20231130.jpg
WARNING 2023-12-07 20:26:52,121 log log.py 241 log_response Not Found: /media/images/cRRqZguM2iX38GsQppG3q6-650-80.jpg.webp
WARNING 2023-12-07 20:29:16,373 log log.py 241 log_response Not Found: /media/images/icons8-search-80.png
WARNING 2023-12-07 20:29:16,374 log log.py 241 log_response Not Found: /media/images/pexels-photo-220453.webp
WARNING 2023-12-07 20:29:16,381 log log.py 241 log_response Not Found: /media/images/pexels-photo-2379004.jpeg
WARNING 2023-12-07 20:29:16,382 log log.py 241 log_response Not Found: /media/images/pexels-photo-5378700.webp
WARNING 2023-12-07 20:29:16,388 log log.py 241 log_response Not Found: /media/images/pexels-photo-1102341.webp
WARNING 2023-12-07 20:29:16,411 log log.py 241 log_response Not Found: /media/images/rahul_pic_.jpeg
WARNING 2023-12-07 20:29:16,420 log log.py 241 log_response Not Found: /media/images/pexels-photo-1212984.webp
WARNING 2023-12-07 20:29:16,427 log log.py 241 log_response Not Found: /media/images/portrait-photography-profile-face-one-38289.jpeg
WARNING 2023-12-07 20:29:16,431 log log.py 241 log_response Not Found: /media/images/India_Air_Pollution_14005.jpg
WARNING 2023-12-07 20:29:16,437 log log.py 241 log_response Not Found: /media/images/intel-ai.webp
WARNING 2023-12-07 20:29:16,442 log log.py 241 log_response Not Found: /media/images/Sea-worm-20231125.jpg
WARNING 2023-12-07 20:29:16,447 log log.py 241 log_response Not Found: /media/images/cRRqZguM2iX38GsQppG3q6-650-80.jpg.webp
WARNING 2023-12-07 20:29:16,453 log log.py 241 log_response Not Found: /media/images/Planets-in-sync-20231130.jpg
WARNING 2023-12-07 20:29:16,820 log log.py 241 log_response Not Found: /media/images/pexels-photo-220453.webp
WARNING 2023-12-07 20:29:16,821 log log.py 241 log_response Not Found: /media/images/pexels-photo-2379004.jpeg
WARNING 2023-12-07 20:29:16,822 log log.py 241 log_response Not Found: /media/images/pexels-photo-5378700.webp
WARNING 2023-12-07 20:29:16,822 log log.py 241 log_response Not Found: /media/images/portrait-photography-profile-face-one-38289.jpeg
WARNING 2023-12-07 20:29:16,823 log log.py 241 log_response Not Found: /media/images/pexels-photo-1212984.webp
WARNING 2023-12-07 20:29:16,824 log log.py 241 log_response Not Found: /media/images/pexels-photo-1102341.webp
WARNING 2023-12-07 20:29:16,829 log log.py 241 log_response Not Found: /media/images/India_Air_Pollution_14005.jpg
WARNING 2023-12-07 20:29:16,831 log log.py 241 log_response Not Found: /media/images/intel-ai.webp
WARNING 2023-12-07 20:29:16,832 log log.py 241 log_response Not Found: /media/images/Planets-in-sync-20231130.jpg
WARNING 2023-12-07 20:29:16,834 log log.py 241 log_response Not Found: /media/images/Sea-worm-20231125.jpg
WARNING 2023-12-07 20:29:16,836 log log.py 241 log_response Not Found: /media/images/cRRqZguM2iX38GsQppG3q6-650-80.jpg.webp
WARNING 2023-12-07 20:29:20,899 log log.py 241 log_response Not Found: /media/images/pexels-photo-220453.webp
WARNING 2023-12-07 20:29:20,899 log log.py 241 log_response Not Found: /media/images/portrait-photography-profile-face-one-38289.jpeg
WARNING 2023-12-07 20:29:20,912 log log.py 241 log_response Not Found: /media/images/India_Air_Pollution_14005.jpg
WARNING 2023-12-07 20:29:20,913 log log.py 241 log_response Not Found: /media/images/Planets-in-sync-20231130.jpg
WARNING 2023-12-07 20:29:21,282 log log.py 241 log_response Not Found: /static/css/bootstrap.min.css.map
WARNING 2023-12-07 20:29:23,949 log log.py 241 log_response Not Found: /media/images/pexels-photo-220453.webp
WARNING 2023-12-07 20:29:23,950 log log.py 241 log_response Not Found: /media/images/pexels-photo-2379004.jpeg
WARNING 2023-12-07 20:29:23,951 log log.py 241 log_response Not Found: /media/images/portrait-photography-profile-face-one-38289.jpeg
WARNING 2023-12-07 20:29:23,951 log log.py 241 log_response Not Found: /media/images/pexels-photo-1212984.webp
WARNING 2023-12-07 20:29:23,964 log log.py 241 log_response Not Found: /media/images/India_Air_Pollution_14005.jpg
WARNING 2023-12-07 20:29:23,965 log log.py 241 log_response Not Found: /media/images/intel-ai.webp
WARNING 2023-12-07 20:29:23,966 log log.py 241 log_response Not Found: /media/images/Planets-in-sync-20231130.jpg
WARNING 2023-12-07 20:29:23,967 log log.py 241 log_response Not Found: /media/images/cRRqZguM2iX38GsQppG3q6-650-80.jpg.webp
WARNING 2023-12-07 20:29:24,186 log log.py 241 log_response Not Found: /media/images/pexels-photo-220453.webp
WARNING 2023-12-07 20:29:24,188 log log.py 241 log_response Not Found: /media/images/pexels-photo-2379004.jpeg
WARNING 2023-12-07 20:29:24,189 log log.py 241 log_response Not Found: /media/images/pexels-photo-5378700.webp
WARNING 2023-12-07 20:29:24,190 log log.py 241 log_response Not Found: /media/images/portrait-photography-profile-face-one-38289.jpeg
WARNING 2023-12-07 20:29:24,190 log log.py 241 log_response Not Found: /media/images/pexels-photo-1212984.webp
WARNING 2023-12-07 20:29:24,192 log log.py 241 log_response Not Found: /media/images/pexels-photo-1102341.webp
WARNING 2023-12-07 20:29:24,208 log log.py 241 log_response Not Found: /media/images/India_Air_Pollution_14005.jpg
WARNING 2023-12-07 20:29:24,209 log log.py 241 log_response Not Found: /media/images/intel-ai.webp
WARNING 2023-12-07 20:29:24,210 log log.py 241 log_response Not Found: /media/images/Sea-worm-20231125.jpg
WARNING 2023-12-07 20:29:24,211 log log.py 241 log_response Not Found: /media/images/Planets-in-sync-20231130.jpg
WARNING 2023-12-07 20:29:24,212 log log.py 241 log_response Not Found: /media/images/cRRqZguM2iX38GsQppG3q6-650-80.jpg.webp
WARNING 2023-12-07 20:29:31,945 log log.py 241 log_response Not Found: /media/images/pexels-photo-220453.webp
WARNING 2023-12-07 20:29:31,947 log log.py 241 log_response Not Found: /media/images/pexels-photo-2379004.jpeg
WARNING 2023-12-07 20:29:31,947 log log.py 241 log_response Not Found: /media/images/portrait-photography-profile-face-one-38289.jpeg
WARNING 2023-12-07 20:29:31,948 log log.py 241 log_response Not Found: /media/images/pexels-photo-1212984.webp
WARNING 2023-12-07 20:29:31,963 log log.py 241 log_response Not Found: /media/images/India_Air_Pollution_14005.jpg
WARNING 2023-12-07 20:29:31,966 log log.py 241 log_response Not Found: /media/images/intel-ai.webp
WARNING 2023-12-07 20:29:31,968 log log.py 241 log_response Not Found: /media/images/Planets-in-sync-20231130.jpg
WARNING 2023-12-07 20:29:31,969 log log.py 241 log_response Not Found: /media/images/cRRqZguM2iX38GsQppG3q6-650-80.jpg.webp
WARNING 2023-12-07 20:29:49,731 log log.py 241 log_response Not Found: /static/css/book_store1.css
WARNING 2023-12-07 20:29:49,734 log log.py 241 log_response Not Found: /account/add_address/media/images/icons8-search-80.png
WARNING 2023-12-07 20:29:49,736 log log.py 241 log_response Not Found: /static/css/template2.css
WARNING 2023-12-07 20:29:49,746 log log.py 241 log_response Not Found: /media/images/rahul_pic_.jpeg
WARNING 2023-12-07 20:29:49,792 log log.py 241 log_response Not Found: /static/css/book_store1.css
WARNING 2023-12-07 20:29:49,798 log log.py 241 log_response Not Found: /static/css/template2.css
WARNING 2023-12-07 20:29:49,850 log log.py 241 log_response Not Found: /static/css/bootstrap.min.css.map
WARNING 2023-12-07 20:30:01,073 log log.py 241 log_response Not Found: /media/images/pexels-photo-220453.webp
WARNING 2023-12-07 20:30:01,074 log log.py 241 log_response Not Found: /media/images/pexels-photo-2379004.jpeg
WARNING 2023-12-07 20:30:01,076 log log.py 241 log_response Not Found: /media/images/pexels-photo-5378700.webp
WARNING 2023-12-07 20:30:01,077 log log.py 241 log_response Not Found: /media/images/portrait-photography-profile-face-one-38289.jpeg
WARNING 2023-12-07 20:30:01,078 log log.py 241 log_response Not Found: /media/images/pexels-photo-1212984.webp
WARNING 2023-12-07 20:30:01,080 log log.py 241 log_response Not Found: /media/images/pexels-photo-1102341.webp
WARNING 2023-12-07 20:30:01,096 log log.py 241 log_response Not Found: /media/images/India_Air_Pollution_14005.jpg
WARNING 2023-12-07 20:30:01,098 log log.py 241 log_response Not Found: /media/images/intel-ai.webp
WARNING 2023-12-07 20:30:01,099 log log.py 241 log_response Not Found: /media/images/Sea-worm-20231125.jpg
WARNING 2023-12-07 20:30:01,101 log log.py 241 log_response Not Found: /media/images/Planets-in-sync-20231130.jpg
WARNING 2023-12-07 20:30:01,102 log log.py 241 log_response Not Found: /media/images/cRRqZguM2iX38GsQppG3q6-650-80.jpg.webp
WARNING 2023-12-07 20:30:07,977 log log.py 241 log_response Not Found: /static/css/book_store1.css
WARNING 2023-12-07 20:30:07,977 log log.py 241 log_response Not Found: /static/css/template2.css
WARNING 2023-12-07 20:30:07,980 log log.py 241 log_response Not Found: /media/images/icons8-search-80.png
WARNING 2023-12-07 20:30:07,980 log log.py 241 log_response Not Found: /static/css/product_page.css
WARNING 2023-12-07 20:30:07,992 log log.py 241 log_response Not Found: /media/images/rahul_pic_.jpeg
WARNING 2023-12-07 20:30:07,997 log log.py 241 log_response Not Found: /static/css/book_store1.css
WARNING 2023-12-07 20:30:08,004 log log.py 241 log_response Not Found: /static/css/template2.css
WARNING 2023-12-07 20:30:08,018 log log.py 241 log_response Not Found: /static/css/product_page.css
WARNING 2023-12-07 20:30:34,986 log log.py 241 log_response Not Found: /static/admin/js/vendor/jquery/jquery.min.js
WARNING 2023-12-07 20:30:34,990 log log.py 241 log_response Not Found: /static/admin/js/vendor/xregexp/xregexp.min.js
WARNING 2023-12-07 20:30:40,570 log log.py 241 log_response Not Found: /static/admin/js/vendor/jquery/jquery.min.js
WARNING 2023-12-07 20:30:40,570 log log.py 241 log_response Not Found: /static/admin/js/vendor/xregexp/xregexp.min.js
WARNING 2023-12-07 20:30:45,534 log log.py 241 log_response Not Found: /static/admin/js/vendor/jquery/jquery.min.js
WARNING 2023-12-07 20:30:45,535 log log.py 241 log_response Not Found: /static/admin/js/vendor/xregexp/xregexp.min.js
WARNING 2023-12-07 20:30:45,536 log log.py 241 log_response Not Found: /static/admin/js/prepopulate_init.js
WARNING 2023-12-07 20:30:45,537 log log.py 241 log_response Not Found: /static/admin/css/forms.css
WARNING 2023-12-07 20:30:45,547 log log.py 241 log_response Not Found: /static/admin/img/icon-viewlink.svg
WARNING 2023-12-07 20:30:45,552 log log.py 241 log_response Not Found: /static/admin/js/change_form.js
WARNING 2023-12-07 20:31:08,283 log log.py 241 log_response Not Found: /static/admin/js/vendor/jquery/jquery.min.js
WARNING 2023-12-07 20:31:08,283 log log.py 241 log_response Not Found: /static/admin/js/vendor/xregexp/xregexp.min.js
WARNING 2023-12-07 20:31:14,342 log log.py 241 log_response Not Found: /static/admin/js/vendor/jquery/jquery.min.js
WARNING 2023-12-07 20:31:14,344 log log.py 241 log_response Not Found: /static/admin/js/vendor/xregexp/xregexp.min.js
WARNING 2023-12-07 20:31:19,166 log log.py 241 log_response Not Found: /static/admin/css/forms.css
WARNING 2023-12-07 20:31:19,169 log log.py 241 log_response Not Found: /static/admin/js/vendor/jquery/jquery.min.js
WARNING 2023-12-07 20:31:19,170 log log.py 241 log_response Not Found: /static/admin/js/inlines.js
WARNING 2023-12-07 20:31:19,171 log log.py 241 log_response Not Found: /static/admin/js/vendor/xregexp/xregexp.min.js
WARNING 2023-12-07 20:31:19,171 log log.py 241 log_response Not Found: /static/admin/js/prepopulate_init.js
WARNING 2023-12-07 20:31:19,182 log log.py 241 log_response Not Found: /static/admin/img/icon-unknown.svg
WARNING 2023-12-07 20:31:19,186 log log.py 241 log_response Not Found: /static/admin/js/change_form.js
WARNING 2023-12-07 20:33:49,927 log log.py 241 log_response Not Found: /static/admin/js/vendor/jquery/jquery.min.js
WARNING 2023-12-07 20:33:49,928 log log.py 241 log_response Not Found: /static/admin/js/vendor/xregexp/xregexp.min.js
WARNING 2023-12-07 20:33:49,929 log log.py 241 log_response Not Found: /static/admin/css/forms.css
WARNING 2023-12-07 20:33:49,930 log log.py 241 log_response Not Found: /static/admin/js/prepopulate_init.js
WARNING 2023-12-07 20:33:49,931 log log.py 241 log_response Not Found: /static/admin/js/inlines.js
WARNING 2023-12-07 20:33:49,946 log log.py 241 log_response Not Found: /static/admin/img/icon-unknown.svg
WARNING 2023-12-07 20:33:49,951 log log.py 241 log_response Not Found: /static/admin/js/change_form.js
WARNING 2023-12-07 20:34:10,355 log log.py 241 log_response Not Found: /static/admin/js/vendor/jquery/jquery.min.js
WARNING 2023-12-07 20:34:10,355 log log.py 241 log_response Not Found: /static/admin/js/vendor/xregexp/xregexp.min.js
WARNING 2023-12-07 20:35:41,746 log log.py 241 log_response Not Found: /static/admin/js/vendor/jquery/jquery.min.js
WARNING 2023-12-07 20:35:41,763 log log.py 241 log_response Not Found: /static/admin/js/vendor/xregexp/xregexp.min.js
WARNING 2023-12-07 20:35:54,668 log log.py 241 log_response Not Found: /static/admin/css/forms.css
WARNING 2023-12-07 20:35:54,673 log log.py 241 log_response Not Found: /static/admin/js/vendor/jquery/jquery.min.js
WARNING 2023-12-07 20:35:54,674 log log.py 241 log_response Not Found: /static/admin/js/inlines.js
WARNING 2023-12-07 20:35:54,675 log log.py 241 log_response Not Found: /static/admin/js/vendor/xregexp/xregexp.min.js
WARNING 2023-12-07 20:35:54,676 log log.py 241 log_response Not Found: /static/admin/js/prepopulate_init.js
WARNING 2023-12-07 20:35:54,687 log log.py 241 log_response Not Found: /static/admin/img/icon-viewlink.svg
WARNING 2023-12-07 20:35:54,693 log log.py 241 log_response Not Found: /static/admin/img/icon-unknown.svg
WARNING 2023-12-07 20:35:54,699 log log.py 241 log_response Not Found: /static/admin/js/change_form.js
WARNING 2023-12-07 20:35:56,112 log log.py 241 log_response Not Found: /static/admin/img/icon-viewlink.svg
WARNING 2023-12-07 20:35:56,113 log log.py 241 log_response Not Found: /static/admin/img/icon-unknown.svg
WARNING 2023-12-13 18:11:21,111 log log.py 241 log_response Not Found: /static/css/bootstrap.min1.css
WARNING 2023-12-13 18:11:21,121 log log.py 241 log_response Not Found: /media/images/icons8-search-80.png
WARNING 2023-12-13 18:11:21,122 log log.py 241 log_response Not Found: /media/images/pexels-photo-220453.webp
WARNING 2023-12-13 18:11:21,128 log log.py 241 log_response Not Found: /media/images/pexels-photo-2379004.jpeg
WARNING 2023-12-13 18:11:21,129 log log.py 241 log_response Not Found: /media/images/pexels-photo-5378700.webp
WARNING 2023-12-13 18:11:21,135 log log.py 241 log_response Not Found: /media/images/pexels-photo-1102341.webp
WARNING 2023-12-13 18:11:21,174 log log.py 241 log_response Not Found: /media/images/rahul_pic_.jpeg
WARNING 2023-12-13 18:11:21,180 log log.py 241 log_response Not Found: /media/images/pexels-photo-1212984.webp
WARNING 2023-12-13 18:11:21,186 log log.py 241 log_response Not Found: /media/images/portrait-photography-profile-face-one-38289.jpeg
WARNING 2023-12-13 18:11:21,190 log log.py 241 log_response Not Found: /media/images/India_Air_Pollution_14005.jpg
WARNING 2023-12-13 18:11:21,193 log log.py 241 log_response Not Found: /media/images/intel-ai.webp
WARNING 2023-12-13 18:11:21,198 log log.py 241 log_response Not Found: /media/images/Sea-worm-20231125.jpg
WARNING 2023-12-13 18:11:21,203 log log.py 241 log_response Not Found: /media/images/cRRqZguM2iX38GsQppG3q6-650-80.jpg.webp
WARNING 2023-12-13 18:11:21,206 log log.py 241 log_response Not Found: /media/images/Planets-in-sync-20231130.jpg
WARNING 2023-12-13 18:11:21,505 log log.py 241 log_response Not Found: /static/css/bootstrap.min1.css
WARNING 2023-12-13 18:11:21,652 log log.py 241 log_response Not Found: /media/images/pexels-photo-220453.webp
WARNING 2023-12-13 18:11:21,653 log log.py 241 log_response Not Found: /media/images/pexels-photo-2379004.jpeg
WARNING 2023-12-13 18:11:21,655 log log.py 241 log_response Not Found: /media/images/pexels-photo-5378700.webp
WARNING 2023-12-13 18:11:21,656 log log.py 241 log_response Not Found: /media/images/portrait-photography-profile-face-one-38289.jpeg
WARNING 2023-12-13 18:11:21,658 log log.py 241 log_response Not Found: /media/images/pexels-photo-1212984.webp
WARNING 2023-12-13 18:11:21,660 log log.py 241 log_response Not Found: /media/images/pexels-photo-1102341.webp
WARNING 2023-12-13 18:11:21,661 log log.py 241 log_response Not Found: /media/images/India_Air_Pollution_14005.jpg
WARNING 2023-12-13 18:11:21,665 log log.py 241 log_response Not Found: /media/images/intel-ai.webp
WARNING 2023-12-13 18:11:21,666 log log.py 241 log_response Not Found: /media/images/Sea-worm-20231125.jpg
WARNING 2023-12-13 18:11:21,672 log log.py 241 log_response Not Found: /media/images/Planets-in-sync-20231130.jpg
WARNING 2023-12-13 18:11:21,674 log log.py 241 log_response Not Found: /media/images/cRRqZguM2iX38GsQppG3q6-650-80.jpg.webp
WARNING 2023-12-13 18:11:28,988 log log.py 241 log_response Not Found: /static/css/bootstrap.min1.css
WARNING 2023-12-13 18:11:28,989 log log.py 241 log_response Not Found: /media/images/icons8-search-80.png
WARNING 2023-12-13 18:11:28,990 log log.py 241 log_response Not Found: /media/images/pexels-photo-220453.webp
WARNING 2023-12-13 18:11:28,998 log log.py 241 log_response Not Found: /media/images/pexels-photo-2379004.jpeg
WARNING 2023-12-13 18:11:28,999 log log.py 241 log_response Not Found: /media/images/pexels-photo-5378700.webp
WARNING 2023-12-13 18:11:29,005 log log.py 241 log_response Not Found: /static/css/bootstrap.min1.css
WARNING 2023-12-13 18:11:29,005 log log.py 241 log_response Not Found: /media/images/pexels-photo-1102341.webp
WARNING 2023-12-13 18:11:29,020 log log.py 241 log_response Not Found: /media/images/rahul_pic_.jpeg
WARNING 2023-12-13 18:11:29,024 log log.py 241 log_response Not Found: /media/images/pexels-photo-1212984.webp
WARNING 2023-12-13 18:11:29,026 log log.py 241 log_response Not Found: /media/images/portrait-photography-profile-face-one-38289.jpeg
WARNING 2023-12-13 18:11:29,027 log log.py 241 log_response Not Found: /media/images/India_Air_Pollution_14005.jpg
WARNING 2023-12-13 18:11:29,027 log log.py 241 log_response Not Found: /media/images/intel-ai.webp
WARNING 2023-12-13 18:11:29,028 log log.py 241 log_response Not Found: /media/images/Sea-worm-20231125.jpg
WARNING 2023-12-13 18:11:29,028 log log.py 241 log_response Not Found: /media/images/cRRqZguM2iX38GsQppG3q6-650-80.jpg.webp
WARNING 2023-12-13 18:11:29,033 log log.py 241 log_response Not Found: /media/images/Planets-in-sync-20231130.jpg
WARNING 2023-12-13 18:11:29,120 log log.py 241 log_response Not Found: /media/images/pexels-photo-220453.webp
WARNING 2023-12-13 18:11:29,121 log log.py 241 log_response Not Found: /media/images/pexels-photo-2379004.jpeg
WARNING 2023-12-13 18:11:29,122 log log.py 241 log_response Not Found: /media/images/pexels-photo-5378700.webp
WARNING 2023-12-13 18:11:29,123 log log.py 241 log_response Not Found: /media/images/portrait-photography-profile-face-one-38289.jpeg
WARNING 2023-12-13 18:11:29,124 log log.py 241 log_response Not Found: /media/images/pexels-photo-1212984.webp
WARNING 2023-12-13 18:11:29,125 log log.py 241 log_response Not Found: /media/images/pexels-photo-1102341.webp
WARNING 2023-12-13 18:11:29,129 log log.py 241 log_response Not Found: /media/images/India_Air_Pollution_14005.jpg
WARNING 2023-12-13 18:11:29,130 log log.py 241 log_response Not Found: /media/images/intel-ai.webp
WARNING 2023-12-13 18:11:29,131 log log.py 241 log_response Not Found: /media/images/Planets-in-sync-20231130.jpg
WARNING 2023-12-13 18:11:29,133 log log.py 241 log_response Not Found: /media/images/Sea-worm-20231125.jpg
WARNING 2023-12-13 18:11:29,134 log log.py 241 log_response Not Found: /media/images/cRRqZguM2iX38GsQppG3q6-650-80.jpg.webp
WARNING 2023-12-13 18:11:30,606 log log.py 241 log_response Not Found: /static/css/bootstrap.min1.css
WARNING 2023-12-13 18:11:30,607 log log.py 241 log_response Not Found: /media/images/icons8-search-80.png
WARNING 2023-12-13 18:11:30,611 log log.py 241 log_response Not Found: /media/images/51Kxx05M1PL._SY445_SX342_.jpg
WARNING 2023-12-13 18:11:30,623 log log.py 241 log_response Not Found: /media/images/rahul_pic_.jpeg
WARNING 2023-12-13 18:45:18,412 log log.py 241 log_response Not Found: /static/css/book_store1.css
WARNING 2023-12-13 18:45:18,413 log log.py 241 log_response Not Found: /static/css/bootstrap.css
WARNING 2023-12-13 18:45:18,414 log log.py 241 log_response Not Found: /static/css/owl.carousel.min.css
WARNING 2023-12-13 18:45:18,415 log log.py 241 log_response Not Found: /static/css/owl.theme.green.min.css
WARNING 2023-12-13 18:45:18,416 log log.py 241 log_response Not Found: /static/css/font-awesome.min.css
WARNING 2023-12-13 18:45:18,416 log log.py 241 log_response Not Found: /static/css/bootstrap.min1.css
WARNING 2023-12-13 18:45:18,418 log log.py 241 log_response Not Found: /static/css/animate.css
WARNING 2023-12-13 18:45:18,421 log log.py 241 log_response Not Found: /static/css/owl.carousel.css
WARNING 2023-12-13 18:45:18,423 log log.py 241 log_response Not Found: /static/css/magnific-popup.css
WARNING 2023-12-13 18:45:18,425 log log.py 241 log_response Not Found: /static/css/template2.css
WARNING 2023-12-13 18:45:18,426 log log.py 241 log_response Not Found: /media/images/icons8-search-80.png
WARNING 2023-12-13 18:45:18,428 log log.py 241 log_response Not Found: /media/images/pexels-photo-220453.webp
WARNING 2023-12-13 18:45:18,435 log log.py 241 log_response Not Found: /media/images/pexels-photo-2379004.jpeg
WARNING 2023-12-13 18:45:18,435 log log.py 241 log_response Not Found: /media/images/pexels-photo-5378700.webp
WARNING 2023-12-13 18:45:18,439 log log.py 241 log_response Not Found: /media/images/pexels-photo-1102341.webp
WARNING 2023-12-13 18:45:18,443 log log.py 241 log_response Not Found: /static/JS/jquery.js
WARNING 2023-12-13 18:45:18,448 log log.py 241 log_response Not Found: /static/JS/bootstrap.min.js
WARNING 2023-12-13 18:45:18,452 log log.py 241 log_response Not Found: /static/JS/jquery.stellar.min.js
WARNING 2023-12-13 18:45:18,455 log log.py 241 log_response Not Found: /static/JS/wow.min.js
WARNING 2023-12-13 18:45:18,460 log log.py 241 log_response Not Found: /static/JS/owl.carousel.min.js
WARNING 2023-12-13 18:45:18,464 log log.py 241 log_response Not Found: /static/JS/jquery.magnific-popup.min.js
WARNING 2023-12-13 18:45:18,468 log log.py 241 log_response Not Found: /static/JS/smoothscroll.js
WARNING 2023-12-13 18:45:18,472 log log.py 241 log_response Not Found: /static/JS/custom.js
WARNING 2023-12-13 18:45:18,476 log log.py 241 log_response Not Found: /static/JS/scripts.js
WARNING 2023-12-13 18:45:18,492 log log.py 241 log_response Not Found: /media/images/rahul_pic_.jpeg
WARNING 2023-12-13 18:45:18,495 log log.py 241 log_response Not Found: /media/images/pexels-photo-1212984.webp
WARNING 2023-12-13 18:45:18,499 log log.py 241 log_response Not Found: /media/images/portrait-photography-profile-face-one-38289.jpeg
WARNING 2023-12-13 18:45:18,502 log log.py 241 log_response Not Found: /media/images/India_Air_Pollution_14005.jpg
WARNING 2023-12-13 18:45:18,505 log log.py 241 log_response Not Found: /media/images/intel-ai.webp
WARNING 2023-12-13 18:45:18,508 log log.py 241 log_response Not Found: /media/images/Sea-worm-20231125.jpg
WARNING 2023-12-13 18:45:18,513 log log.py 241 log_response Not Found: /media/images/cRRqZguM2iX38GsQppG3q6-650-80.jpg.webp
WARNING 2023-12-13 18:45:18,515 log log.py 241 log_response Not Found: /media/images/Planets-in-sync-20231130.jpg
WARNING 2023-12-13 18:45:18,915 log log.py 241 log_response Not Found: /static/css/book_store1.css
WARNING 2023-12-13 18:45:18,916 log log.py 241 log_response Not Found: /static/css/bootstrap.css
WARNING 2023-12-13 18:45:18,917 log log.py 241 log_response Not Found: /static/css/owl.carousel.min.css
WARNING 2023-12-13 18:45:18,917 log log.py 241 log_response Not Found: /static/css/owl.theme.green.min.css
WARNING 2023-12-13 18:45:18,918 log log.py 241 log_response Not Found: /static/css/font-awesome.min.css
WARNING 2023-12-13 18:45:18,918 log log.py 241 log_response Not Found: /static/css/bootstrap.min1.css
WARNING 2023-12-13 18:45:18,920 log log.py 241 log_response Not Found: /static/css/animate.css
WARNING 2023-12-13 18:45:18,922 log log.py 241 log_response Not Found: /static/css/owl.carousel.css
WARNING 2023-12-13 18:45:18,923 log log.py 241 log_response Not Found: /static/css/magnific-popup.css
WARNING 2023-12-13 18:45:18,925 log log.py 241 log_response Not Found: /static/css/template2.css
WARNING 2023-12-13 18:45:18,939 log log.py 241 log_response Not Found: /static/JS/scripts.js
WARNING 2023-12-13 18:45:19,015 log log.py 241 log_response Not Found: /favicon.ico
WARNING 2023-12-13 21:13:46,978 log log.py 241 log_response Not Found: /static/css/book_store1.css
WARNING 2023-12-13 21:13:46,984 log log.py 241 log_response Not Found: /static/css/bootstrap.css
WARNING 2023-12-13 21:13:46,984 log log.py 241 log_response Not Found: /static/css/owl.carousel.min.css
WARNING 2023-12-13 21:13:46,999 log log.py 241 log_response Not Found: /static/css/owl.theme.green.min.css
WARNING 2023-12-13 21:13:46,999 log log.py 241 log_response Not Found: /static/css/font-awesome.min.css
WARNING 2023-12-13 21:13:47,005 log log.py 241 log_response Not Found: /static/css/bootstrap.min1.css
WARNING 2023-12-13 21:13:47,006 log log.py 241 log_response Not Found: /static/css/animate.css
WARNING 2023-12-13 21:13:47,009 log log.py 241 log_response Not Found: /static/css/owl.carousel.css
WARNING 2023-12-13 21:13:47,011 log log.py 241 log_response Not Found: /static/css/magnific-popup.css
WARNING 2023-12-13 21:13:47,014 log log.py 241 log_response Not Found: /static/css/template2.css
WARNING 2023-12-13 21:13:47,024 log log.py 241 log_response Not Found: /media/images/icons8-search-80.png
WARNING 2023-12-13 21:13:47,025 log log.py 241 log_response Not Found: /media/images/pexels-photo-220453.webp
WARNING 2023-12-13 21:13:47,028 log log.py 241 log_response Not Found: /media/images/pexels-photo-2379004.jpeg
WARNING 2023-12-13 21:13:47,029 log log.py 241 log_response Not Found: /media/images/pexels-photo-5378700.webp
WARNING 2023-12-13 21:13:47,032 log log.py 241 log_response Not Found: /media/images/pexels-photo-1102341.webp
WARNING 2023-12-13 21:13:47,037 log log.py 241 log_response Not Found: /static/JS/jquery.js
WARNING 2023-12-13 21:13:47,040 log log.py 241 log_response Not Found: /static/JS/bootstrap.min.js
WARNING 2023-12-13 21:13:47,043 log log.py 241 log_response Not Found: /static/JS/jquery.stellar.min.js
WARNING 2023-12-13 21:13:47,045 log log.py 241 log_response Not Found: /static/JS/wow.min.js
WARNING 2023-12-13 21:13:47,048 log log.py 241 log_response Not Found: /static/JS/owl.carousel.min.js
WARNING 2023-12-13 21:13:47,049 log log.py 241 log_response Not Found: /static/JS/jquery.magnific-popup.min.js
WARNING 2023-12-13 21:13:47,055 log log.py 241 log_response Not Found: /static/JS/smoothscroll.js
WARNING 2023-12-13 21:13:47,058 log log.py 241 log_response Not Found: /static/JS/custom.js
WARNING 2023-12-13 21:13:47,058 log log.py 241 log_response Not Found: /static/JS/scripts.js
WARNING 2023-12-13 21:13:47,064 log log.py 241 log_response Not Found: /media/images/rahul_pic_.jpeg
WARNING 2023-12-13 21:13:47,068 log log.py 241 log_response Not Found: /media/images/pexels-photo-1212984.webp
WARNING 2023-12-13 21:13:47,072 log log.py 241 log_response Not Found: /media/images/portrait-photography-profile-face-one-38289.jpeg
WARNING 2023-12-13 21:13:47,074 log log.py 241 log_response Not Found: /media/images/India_Air_Pollution_14005.jpg
WARNING 2023-12-13 21:13:47,077 log log.py 241 log_response Not Found: /media/images/intel-ai.webp
WARNING 2023-12-13 21:13:47,079 log log.py 241 log_response Not Found: /media/images/Sea-worm-20231125.jpg
WARNING 2023-12-13 21:13:47,082 log log.py 241 log_response Not Found: /media/images/cRRqZguM2iX38GsQppG3q6-650-80.jpg.webp
WARNING 2023-12-13 21:13:47,082 log log.py 241 log_response Not Found: /media/images/Planets-in-sync-20231130.jpg
WARNING 2023-12-13 21:13:47,478 log log.py 241 log_response Not Found: /static/css/book_store1.css
WARNING 2023-12-13 21:13:47,478 log log.py 241 log_response Not Found: /static/css/bootstrap.css
WARNING 2023-12-13 21:13:47,478 log log.py 241 log_response Not Found: /static/css/owl.carousel.min.css
WARNING 2023-12-13 21:13:47,482 log log.py 241 log_response Not Found: /static/css/font-awesome.min.css
WARNING 2023-12-13 21:13:47,482 log log.py 241 log_response Not Found: /static/css/owl.theme.green.min.css
WARNING 2023-12-13 21:13:47,482 log log.py 241 log_response Not Found: /static/css/bootstrap.min1.css
WARNING 2023-12-13 21:13:47,491 log log.py 241 log_response Not Found: /static/css/animate.css
WARNING 2023-12-13 21:13:47,492 log log.py 241 log_response Not Found: /static/css/owl.carousel.css
WARNING 2023-12-13 21:13:47,493 log log.py 241 log_response Not Found: /static/css/magnific-popup.css
WARNING 2023-12-13 21:13:47,495 log log.py 241 log_response Not Found: /static/css/template2.css
WARNING 2023-12-13 21:13:47,503 log log.py 241 log_response Not Found: /static/JS/scripts.js
WARNING 2023-12-13 21:13:48,101 log log.py 241 log_response Not Found: /favicon.ico
WARNING 2023-12-13 21:16:47,314 log log.py 241 log_response Not Found: /static/css/book_store1.css
WARNING 2023-12-13 21:16:47,315 log log.py 241 log_response Not Found: /static/css/bootstrap.css
WARNING 2023-12-13 21:16:47,317 log log.py 241 log_response Not Found: /static/css/owl.theme.green.min.css
WARNING 2023-12-13 21:16:47,317 log log.py 241 log_response Not Found: /static/css/owl.carousel.min.css
WARNING 2023-12-13 21:16:47,319 log log.py 241 log_response Not Found: /static/css/font-awesome.min.css
WARNING 2023-12-13 21:16:47,320 log log.py 241 log_response Not Found: /static/css/bootstrap.min1.css
WARNING 2023-12-13 21:16:47,320 log log.py 241 log_response Not Found: /static/css/animate.css
WARNING 2023-12-13 21:16:47,325 log log.py 241 log_response Not Found: /static/css/owl.carousel.css
WARNING 2023-12-13 21:16:47,327 log log.py 241 log_response Not Found: /static/css/magnific-popup.css
WARNING 2023-12-13 21:16:47,328 log log.py 241 log_response Not Found: /static/css/template2.css
WARNING 2023-12-13 21:16:47,330 log log.py 241 log_response Not Found: /media/images/icons8-search-80.png
WARNING 2023-12-13 21:16:47,332 log log.py 241 log_response Not Found: /media/images/pexels-photo-220453.webp
WARNING 2023-12-13 21:16:47,339 log log.py 241 log_response Not Found: /media/images/pexels-photo-2379004.jpeg
WARNING 2023-12-13 21:16:47,340 log log.py 241 log_response Not Found: /media/images/pexels-photo-5378700.webp
WARNING 2023-12-13 21:16:47,343 log log.py 241 log_response Not Found: /media/images/pexels-photo-1102341.webp
WARNING 2023-12-13 21:16:47,348 log log.py 241 log_response Not Found: /static/JS/jquery.js
WARNING 2023-12-13 21:16:47,350 log log.py 241 log_response Not Found: /static/JS/bootstrap.min.js
WARNING 2023-12-13 21:16:47,350 log log.py 241 log_response Not Found: /static/JS/jquery.stellar.min.js
WARNING 2023-12-13 21:16:47,358 log log.py 241 log_response Not Found: /static/JS/wow.min.js
WARNING 2023-12-13 21:16:47,361 log log.py 241 log_response Not Found: /static/JS/owl.carousel.min.js
WARNING 2023-12-13 21:16:47,364 log log.py 241 log_response Not Found: /static/JS/jquery.magnific-popup.min.js
WARNING 2023-12-13 21:16:47,366 log log.py 241 log_response Not Found: /static/JS/smoothscroll.js
WARNING 2023-12-13 21:16:47,371 log log.py 241 log_response Not Found: /static/JS/custom.js
WARNING 2023-12-13 21:16:47,373 log log.py 241 log_response Not Found: /static/JS/scripts.js
WARNING 2023-12-13 21:16:47,380 log log.py 241 log_response Not Found: /media/images/rahul_pic_.jpeg
WARNING 2023-12-13 21:16:47,388 log log.py 241 log_response Not Found: /media/images/pexels-photo-1212984.webp
WARNING 2023-12-13 21:16:47,390 log log.py 241 log_response Not Found: /media/images/portrait-photography-profile-face-one-38289.jpeg
WARNING 2023-12-13 21:16:47,392 log log.py 241 log_response Not Found: /media/images/India_Air_Pollution_14005.jpg
WARNING 2023-12-13 21:16:47,397 log log.py 241 log_response Not Found: /media/images/intel-ai.webp
WARNING 2023-12-13 21:16:47,400 log log.py 241 log_response Not Found: /media/images/Sea-worm-20231125.jpg
WARNING 2023-12-13 21:16:47,403 log log.py 241 log_response Not Found: /media/images/cRRqZguM2iX38GsQppG3q6-650-80.jpg.webp
WARNING 2023-12-13 21:16:47,405 log log.py 241 log_response Not Found: /media/images/Planets-in-sync-20231130.jpg
WARNING 2023-12-13 21:16:47,686 log log.py 241 log_response Not Found: /static/css/book_store1.css
WARNING 2023-12-13 21:16:47,686 log log.py 241 log_response Not Found: /static/css/bootstrap.css
WARNING 2023-12-13 21:16:47,686 log log.py 241 log_response Not Found: /static/css/owl.carousel.min.css
WARNING 2023-12-13 21:16:47,702 log log.py 241 log_response Not Found: /static/css/owl.theme.green.min.css
WARNING 2023-12-13 21:16:47,702 log log.py 241 log_response Not Found: /static/css/bootstrap.min1.css
WARNING 2023-12-13 21:16:47,702 log log.py 241 log_response Not Found: /static/css/font-awesome.min.css
WARNING 2023-12-13 21:16:47,705 log log.py 241 log_response Not Found: /static/css/animate.css
WARNING 2023-12-13 21:16:47,705 log log.py 241 log_response Not Found: /static/css/owl.carousel.css
WARNING 2023-12-13 21:16:47,705 log log.py 241 log_response Not Found: /static/css/magnific-popup.css
WARNING 2023-12-13 21:16:47,705 log log.py 241 log_response Not Found: /static/css/template2.css
WARNING 2023-12-13 21:16:47,719 log log.py 241 log_response Not Found: /static/JS/scripts.js
WARNING 2023-12-13 21:16:54,651 log log.py 241 log_response Not Found: /static/css/book_store1.css
WARNING 2023-12-13 21:16:54,652 log log.py 241 log_response Not Found: /static/css/bootstrap.css
WARNING 2023-12-13 21:16:54,652 log log.py 241 log_response Not Found: /static/css/owl.carousel.min.css
WARNING 2023-12-13 21:16:54,653 log log.py 241 log_response Not Found: /static/css/owl.theme.green.min.css
WARNING 2023-12-13 21:16:54,654 log log.py 241 log_response Not Found: /static/css/font-awesome.min.css
WARNING 2023-12-13 21:16:54,654 log log.py 241 log_response Not Found: /static/css/bootstrap.min1.css
WARNING 2023-12-13 21:16:54,657 log log.py 241 log_response Not Found: /static/css/animate.css
WARNING 2023-12-13 21:16:54,659 log log.py 241 log_response Not Found: /static/css/owl.carousel.css
WARNING 2023-12-13 21:16:54,659 log log.py 241 log_response Not Found: /static/css/magnific-popup.css
WARNING 2023-12-13 21:16:54,661 log log.py 241 log_response Not Found: /static/css/template2.css
WARNING 2023-12-13 21:16:54,663 log log.py 241 log_response Not Found: /media/images/icons8-search-80.png
WARNING 2023-12-13 21:16:54,664 log log.py 241 log_response Not Found: /media/images/pexels-photo-220453.webp
WARNING 2023-12-13 21:16:54,673 log log.py 241 log_response Not Found: /media/images/pexels-photo-2379004.jpeg
WARNING 2023-12-13 21:16:54,673 log log.py 241 log_response Not Found: /media/images/pexels-photo-5378700.webp
WARNING 2023-12-13 21:16:54,680 log log.py 241 log_response Not Found: /media/images/pexels-photo-1102341.webp
WARNING 2023-12-13 21:16:54,690 log log.py 241 log_response Not Found: /static/css/book_store1.css
WARNING 2023-12-13 21:16:54,691 log log.py 241 log_response Not Found: /static/css/bootstrap.css
WARNING 2023-12-13 21:16:54,691 log log.py 241 log_response Not Found: /static/css/owl.carousel.min.css
WARNING 2023-12-13 21:16:54,693 log log.py 241 log_response Not Found: /static/css/owl.theme.green.min.css
WARNING 2023-12-13 21:16:54,693 log log.py 241 log_response Not Found: /static/css/font-awesome.min.css
WARNING 2023-12-13 21:16:54,694 log log.py 241 log_response Not Found: /static/css/bootstrap.min1.css
WARNING 2023-12-13 21:16:54,697 log log.py 241 log_response Not Found: /static/css/animate.css
WARNING 2023-12-13 21:16:54,698 log log.py 241 log_response Not Found: /static/css/owl.carousel.css
WARNING 2023-12-13 21:16:54,699 log log.py 241 log_response Not Found: /static/css/magnific-popup.css
WARNING 2023-12-13 21:16:54,701 log log.py 241 log_response Not Found: /static/css/template2.css
WARNING 2023-12-13 21:16:54,702 log log.py 241 log_response Not Found: /static/JS/jquery.js
WARNING 2023-12-13 21:16:54,708 log log.py 241 log_response Not Found: /static/JS/bootstrap.min.js
WARNING 2023-12-13 21:16:54,709 log log.py 241 log_response Not Found: /static/JS/jquery.stellar.min.js
WARNING 2023-12-13 21:16:54,710 log log.py 241 log_response Not Found: /static/JS/wow.min.js
WARNING 2023-12-13 21:16:54,711 log log.py 241 log_response Not Found: /static/JS/owl.carousel.min.js
WARNING 2023-12-13 21:16:54,711 log log.py 241 log_response Not Found: /static/JS/jquery.magnific-popup.min.js
WARNING 2023-12-13 21:16:54,712 log log.py 241 log_response Not Found: /static/JS/smoothscroll.js
WARNING 2023-12-13 21:16:54,713 log log.py 241 log_response Not Found: /static/JS/custom.js
WARNING 2023-12-13 21:16:54,719 log log.py 241 log_response Not Found: /static/JS/scripts.js
WARNING 2023-12-13 21:16:54,720 log log.py 241 log_response Not Found: /media/images/rahul_pic_.jpeg
WARNING 2023-12-13 21:16:54,722 log log.py 241 log_response Not Found: /media/images/pexels-photo-1212984.webp
WARNING 2023-12-13 21:16:54,723 log log.py 241 log_response Not Found: /media/images/portrait-photography-profile-face-one-38289.jpeg
WARNING 2023-12-13 21:16:54,724 log log.py 241 log_response Not Found: /media/images/India_Air_Pollution_14005.jpg
WARNING 2023-12-13 21:16:54,724 log log.py 241 log_response Not Found: /media/images/intel-ai.webp
WARNING 2023-12-13 21:16:54,730 log log.py 241 log_response Not Found: /media/images/Sea-worm-20231125.jpg
WARNING 2023-12-13 21:16:54,732 log log.py 241 log_response Not Found: /media/images/cRRqZguM2iX38GsQppG3q6-650-80.jpg.webp
WARNING 2023-12-13 21:16:54,732 log log.py 241 log_response Not Found: /media/images/Planets-in-sync-20231130.jpg
WARNING 2023-12-13 21:16:54,747 log log.py 241 log_response Not Found: /static/JS/scripts.js
WARNING 2023-12-13 21:18:23,267 log log.py 241 log_response Not Found: /static/css/book_store1.css
WARNING 2023-12-13 21:18:23,268 log log.py 241 log_response Not Found: /static/css/bootstrap.css
WARNING 2023-12-13 21:18:23,269 log log.py 241 log_response Not Found: /static/css/owl.theme.green.min.css
WARNING 2023-12-13 21:18:23,269 log log.py 241 log_response Not Found: /static/css/bootstrap.min1.css
WARNING 2023-12-13 21:18:23,270 log log.py 241 log_response Not Found: /static/css/font-awesome.min.css
WARNING 2023-12-13 21:18:23,270 log log.py 241 log_response Not Found: /static/css/owl.carousel.min.css
WARNING 2023-12-13 21:18:23,274 log log.py 241 log_response Not Found: /static/css/animate.css
WARNING 2023-12-13 21:18:23,276 log log.py 241 log_response Not Found: /static/css/owl.carousel.css
WARNING 2023-12-13 21:18:23,277 log log.py 241 log_response Not Found: /static/css/magnific-popup.css
WARNING 2023-12-13 21:18:23,279 log log.py 241 log_response Not Found: /static/css/template2.css
WARNING 2023-12-13 21:18:23,281 log log.py 241 log_response Not Found: /media/images/icons8-search-80.png
WARNING 2023-12-13 21:18:23,282 log log.py 241 log_response Not Found: /media/images/pexels-photo-220453.webp
WARNING 2023-12-13 21:18:23,288 log log.py 241 log_response Not Found: /media/images/pexels-photo-2379004.jpeg
WARNING 2023-12-13 21:18:23,289 log log.py 241 log_response Not Found: /media/images/pexels-photo-5378700.webp
WARNING 2023-12-13 21:18:23,294 log log.py 241 log_response Not Found: /media/images/pexels-photo-1102341.webp
WARNING 2023-12-13 21:18:23,297 log log.py 241 log_response Not Found: /static/JS/jquery.js
WARNING 2023-12-13 21:18:23,300 log log.py 241 log_response Not Found: /static/JS/bootstrap.min.js
WARNING 2023-12-13 21:18:23,303 log log.py 241 log_response Not Found: /static/JS/jquery.stellar.min.js
WARNING 2023-12-13 21:18:23,306 log log.py 241 log_response Not Found: /static/JS/wow.min.js
WARNING 2023-12-13 21:18:23,308 log log.py 241 log_response Not Found: /static/JS/owl.carousel.min.js
WARNING 2023-12-13 21:18:23,311 log log.py 241 log_response Not Found: /static/JS/jquery.magnific-popup.min.js
WARNING 2023-12-13 21:18:23,313 log log.py 241 log_response Not Found: /static/JS/smoothscroll.js
WARNING 2023-12-13 21:18:23,316 log log.py 241 log_response Not Found: /static/JS/custom.js
WARNING 2023-12-13 21:18:23,321 log log.py 241 log_response Not Found: /static/JS/scripts.js
WARNING 2023-12-13 21:18:23,329 log log.py 241 log_response Not Found: /media/images/rahul_pic_.jpeg
WARNING 2023-12-13 21:18:23,332 log log.py 241 log_response Not Found: /media/images/pexels-photo-1212984.webp
WARNING 2023-12-13 21:18:23,333 log log.py 241 log_response Not Found: /media/images/portrait-photography-profile-face-one-38289.jpeg
WARNING 2023-12-13 21:18:23,339 log log.py 241 log_response Not Found: /media/images/India_Air_Pollution_14005.jpg
WARNING 2023-12-13 21:18:23,341 log log.py 241 log_response Not Found: /media/images/intel-ai.webp
WARNING 2023-12-13 21:18:23,342 log log.py 241 log_response Not Found: /media/images/Sea-worm-20231125.jpg
WARNING 2023-12-13 21:18:23,346 log log.py 241 log_response Not Found: /media/images/cRRqZguM2iX38GsQppG3q6-650-80.jpg.webp
WARNING 2023-12-13 21:18:23,348 log log.py 241 log_response Not Found: /media/images/Planets-in-sync-20231130.jpg
WARNING 2023-12-13 21:18:24,446 log log.py 241 log_response Not Found: /static/css/book_store1.css
WARNING 2023-12-13 21:18:24,446 log log.py 241 log_response Not Found: /static/css/bootstrap.css
WARNING 2023-12-13 21:18:24,447 log log.py 241 log_response Not Found: /static/css/owl.carousel.min.css
WARNING 2023-12-13 21:18:24,448 log log.py 241 log_response Not Found: /static/css/owl.theme.green.min.css
WARNING 2023-12-13 21:18:24,448 log log.py 241 log_response Not Found: /static/css/font-awesome.min.css
WARNING 2023-12-13 21:18:24,449 log log.py 241 log_response Not Found: /static/css/bootstrap.min1.css
WARNING 2023-12-13 21:18:24,450 log log.py 241 log_response Not Found: /static/css/animate.css
WARNING 2023-12-13 21:18:24,451 log log.py 241 log_response Not Found: /static/css/owl.carousel.css
WARNING 2023-12-13 21:18:24,452 log log.py 241 log_response Not Found: /static/css/magnific-popup.css
WARNING 2023-12-13 21:18:24,453 log log.py 241 log_response Not Found: /static/css/template2.css
WARNING 2023-12-13 21:18:24,504 log log.py 241 log_response Not Found: /static/JS/scripts.js
WARNING 2023-12-13 21:21:19,730 log log.py 241 log_response Not Found: /static/css/book_store1.css
WARNING 2023-12-13 21:21:19,735 log log.py 241 log_response Not Found: /static/css/bootstrap.css
WARNING 2023-12-13 21:21:19,737 log log.py 241 log_response Not Found: /static/css/owl.carousel.min.css
WARNING 2023-12-13 21:21:19,738 log log.py 241 log_response Not Found: /static/css/owl.theme.green.min.css
WARNING 2023-12-13 21:21:19,739 log log.py 241 log_response Not Found: /static/css/font-awesome.min.css
WARNING 2023-12-13 21:21:19,739 log log.py 241 log_response Not Found: /static/css/bootstrap.min1.css
WARNING 2023-12-13 21:21:19,741 log log.py 241 log_response Not Found: /static/css/animate.css
WARNING 2023-12-13 21:21:19,742 log log.py 241 log_response Not Found: /static/css/owl.carousel.css
WARNING 2023-12-13 21:21:19,745 log log.py 241 log_response Not Found: /static/css/magnific-popup.css
WARNING 2023-12-13 21:21:19,746 log log.py 241 log_response Not Found: /static/css/template2.css
WARNING 2023-12-13 21:21:19,748 log log.py 241 log_response Not Found: /media/images/icons8-search-80.png
WARNING 2023-12-13 21:21:19,751 log log.py 241 log_response Not Found: /media/images/pexels-photo-220453.webp
WARNING 2023-12-13 21:21:19,788 log log.py 241 log_response Not Found: /media/images/pexels-photo-2379004.jpeg
WARNING 2023-12-13 21:21:19,789 log log.py 241 log_response Not Found: /media/images/pexels-photo-5378700.webp
WARNING 2023-12-13 21:21:19,792 log log.py 241 log_response Not Found: /media/images/pexels-photo-1102341.webp
WARNING 2023-12-13 21:21:19,807 log log.py 241 log_response Not Found: /static/JS/jquery.js
WARNING 2023-12-13 21:21:19,829 log log.py 241 log_response Not Found: /static/JS/bootstrap.min.js
WARNING 2023-12-13 21:21:19,833 log log.py 241 log_response Not Found: /static/JS/jquery.stellar.min.js
WARNING 2023-12-13 21:21:19,834 log log.py 241 log_response Not Found: /static/JS/wow.min.js
WARNING 2023-12-13 21:21:19,834 log log.py 241 log_response Not Found: /static/JS/owl.carousel.min.js
WARNING 2023-12-13 21:21:19,839 log log.py 241 log_response Not Found: /static/JS/jquery.magnific-popup.min.js
WARNING 2023-12-13 21:21:19,840 log log.py 241 log_response Not Found: /static/JS/smoothscroll.js
WARNING 2023-12-13 21:21:19,842 log log.py 241 log_response Not Found: /static/JS/custom.js
WARNING 2023-12-13 21:21:19,843 log log.py 241 log_response Not Found: /static/JS/scripts.js
WARNING 2023-12-13 21:21:19,845 log log.py 241 log_response Not Found: /media/images/rahul_pic_.jpeg
WARNING 2023-12-13 21:21:19,849 log log.py 241 log_response Not Found: /media/images/pexels-photo-1212984.webp
WARNING 2023-12-13 21:21:19,853 log log.py 241 log_response Not Found: /media/images/portrait-photography-profile-face-one-38289.jpeg
WARNING 2023-12-13 21:21:19,855 log log.py 241 log_response Not Found: /media/images/India_Air_Pollution_14005.jpg
WARNING 2023-12-13 21:21:19,857 log log.py 241 log_response Not Found: /media/images/intel-ai.webp
WARNING 2023-12-13 21:21:19,859 log log.py 241 log_response Not Found: /media/images/Sea-worm-20231125.jpg
WARNING 2023-12-13 21:21:19,862 log log.py 241 log_response Not Found: /media/images/cRRqZguM2iX38GsQppG3q6-650-80.jpg.webp
WARNING 2023-12-13 21:21:19,865 log log.py 241 log_response Not Found: /media/images/Planets-in-sync-20231130.jpg
WARNING 2023-12-13 21:21:20,092 log log.py 241 log_response Not Found: /static/css/book_store1.css
WARNING 2023-12-13 21:21:20,092 log log.py 241 log_response Not Found: /static/css/bootstrap.css
WARNING 2023-12-13 21:21:20,092 log log.py 241 log_response Not Found: /static/css/owl.carousel.min.css
WARNING 2023-12-13 21:21:20,108 log log.py 241 log_response Not Found: /static/css/owl.theme.green.min.css
WARNING 2023-12-13 21:21:20,108 log log.py 241 log_response Not Found: /static/css/font-awesome.min.css
WARNING 2023-12-13 21:21:20,108 log log.py 241 log_response Not Found: /static/css/bootstrap.min1.css
WARNING 2023-12-13 21:21:20,108 log log.py 241 log_response Not Found: /static/css/animate.css
WARNING 2023-12-13 21:21:20,108 log log.py 241 log_response Not Found: /static/css/owl.carousel.css
WARNING 2023-12-13 21:21:20,108 log log.py 241 log_response Not Found: /static/css/magnific-popup.css
WARNING 2023-12-13 21:21:20,115 log log.py 241 log_response Not Found: /static/css/template2.css
WARNING 2023-12-13 21:21:20,197 log log.py 241 log_response Not Found: /static/JS/scripts.js
WARNING 2023-12-13 21:21:55,881 log log.py 241 log_response Not Found: /static/css/bootstrap.css
WARNING 2023-12-13 21:21:55,882 log log.py 241 log_response Not Found: /static/css/book_store1.css
WARNING 2023-12-13 21:21:55,883 log log.py 241 log_response Not Found: /static/css/owl.carousel.min.css
WARNING 2023-12-13 21:21:55,884 log log.py 241 log_response Not Found: /static/css/owl.theme.green.min.css
WARNING 2023-12-13 21:21:55,886 log log.py 241 log_response Not Found: /static/css/font-awesome.min.css
WARNING 2023-12-13 21:21:55,888 log log.py 241 log_response Not Found: /static/css/bootstrap.min1.css
WARNING 2023-12-13 21:21:55,890 log log.py 241 log_response Not Found: /static/css/animate.css
WARNING 2023-12-13 21:21:55,891 log log.py 241 log_response Not Found: /static/css/owl.carousel.css
WARNING 2023-12-13 21:21:55,894 log log.py 241 log_response Not Found: /static/css/magnific-popup.css
WARNING 2023-12-13 21:21:55,896 log log.py 241 log_response Not Found: /static/css/template2.css
WARNING 2023-12-13 21:21:55,898 log log.py 241 log_response Not Found: /media/images/icons8-search-80.png
WARNING 2023-12-13 21:21:55,901 log log.py 241 log_response Not Found: /media/images/pexels-photo-220453.webp
WARNING 2023-12-13 21:21:55,906 log log.py 241 log_response Not Found: /media/images/pexels-photo-2379004.jpeg
WARNING 2023-12-13 21:21:55,906 log log.py 241 log_response Not Found: /media/images/pexels-photo-5378700.webp
WARNING 2023-12-13 21:21:55,914 log log.py 241 log_response Not Found: /media/images/pexels-photo-1102341.webp
WARNING 2023-12-13 21:21:55,918 log log.py 241 log_response Not Found: /static/JS/jquery.js
WARNING 2023-12-13 21:21:55,922 log log.py 241 log_response Not Found: /static/JS/bootstrap.min.js
WARNING 2023-12-13 21:21:55,926 log log.py 241 log_response Not Found: /static/css/book_store1.css
WARNING 2023-12-13 21:21:55,927 log log.py 241 log_response Not Found: /static/css/bootstrap.css
WARNING 2023-12-13 21:21:55,928 log log.py 241 log_response Not Found: /static/css/owl.carousel.min.css
WARNING 2023-12-13 21:21:55,930 log log.py 241 log_response Not Found: /static/css/owl.theme.green.min.css
WARNING 2023-12-13 21:21:55,931 log log.py 241 log_response Not Found: /static/css/font-awesome.min.css
WARNING 2023-12-13 21:21:55,932 log log.py 241 log_response Not Found: /static/css/bootstrap.min1.css
WARNING 2023-12-13 21:21:55,934 log log.py 241 log_response Not Found: /static/css/animate.css
WARNING 2023-12-13 21:21:55,935 log log.py 241 log_response Not Found: /static/css/owl.carousel.css
WARNING 2023-12-13 21:21:55,936 log log.py 241 log_response Not Found: /static/css/magnific-popup.css
WARNING 2023-12-13 21:21:55,937 log log.py 241 log_response Not Found: /static/css/template2.css
WARNING 2023-12-13 21:21:55,938 log log.py 241 log_response Not Found: /static/JS/jquery.stellar.min.js
WARNING 2023-12-13 21:21:55,945 log log.py 241 log_response Not Found: /static/JS/wow.min.js
WARNING 2023-12-13 21:21:55,950 log log.py 241 log_response Not Found: /static/JS/owl.carousel.min.js
WARNING 2023-12-13 21:21:55,951 log log.py 241 log_response Not Found: /static/JS/jquery.magnific-popup.min.js
WARNING 2023-12-13 21:21:55,952 log log.py 241 log_response Not Found: /static/JS/smoothscroll.js
WARNING 2023-12-13 21:21:55,952 log log.py 241 log_response Not Found: /static/JS/custom.js
WARNING 2023-12-13 21:21:55,953 log log.py 241 log_response Not Found: /static/JS/scripts.js
WARNING 2023-12-13 21:21:55,953 log log.py 241 log_response Not Found: /media/images/rahul_pic_.jpeg
WARNING 2023-12-13 21:21:55,957 log log.py 241 log_response Not Found: /media/images/pexels-photo-1212984.webp
WARNING 2023-12-13 21:21:55,959 log log.py 241 log_response Not Found: /media/images/portrait-photography-profile-face-one-38289.jpeg
WARNING 2023-12-13 21:21:55,960 log log.py 241 log_response Not Found: /media/images/India_Air_Pollution_14005.jpg
WARNING 2023-12-13 21:21:55,961 log log.py 241 log_response Not Found: /media/images/cRRqZguM2iX38GsQppG3q6-650-80.jpg.webp
WARNING 2023-12-13 21:21:55,961 log log.py 241 log_response Not Found: /media/images/Sea-worm-20231125.jpg
WARNING 2023-12-13 21:21:55,962 log log.py 241 log_response Not Found: /media/images/Planets-in-sync-20231130.jpg
WARNING 2023-12-13 21:21:55,962 log log.py 241 log_response Not Found: /media/images/intel-ai.webp
WARNING 2023-12-13 21:21:55,985 log log.py 241 log_response Not Found: /static/JS/scripts.js
WARNING 2023-12-13 21:21:56,824 log log.py 241 log_response Not Found: /static/css/book_store1.css
WARNING 2023-12-13 21:21:56,825 log log.py 241 log_response Not Found: /static/css/bootstrap.css
WARNING 2023-12-13 21:21:56,826 log log.py 241 log_response Not Found: /static/css/owl.carousel.min.css
WARNING 2023-12-13 21:21:56,827 log log.py 241 log_response Not Found: /static/css/owl.theme.green.min.css
WARNING 2023-12-13 21:21:56,828 log log.py 241 log_response Not Found: /static/css/font-awesome.min.css
WARNING 2023-12-13 21:21:56,829 log log.py 241 log_response Not Found: /static/css/bootstrap.min1.css
WARNING 2023-12-13 21:21:56,833 log log.py 241 log_response Not Found: /static/css/animate.css
WARNING 2023-12-13 21:21:56,833 log log.py 241 log_response Not Found: /static/css/owl.carousel.css
WARNING 2023-12-13 21:21:56,833 log log.py 241 log_response Not Found: /static/css/magnific-popup.css
WARNING 2023-12-13 21:21:56,836 log log.py 241 log_response Not Found: /static/css/template2.css
WARNING 2023-12-13 21:21:56,836 log log.py 241 log_response Not Found: /media/images/icons8-search-80.png
WARNING 2023-12-13 21:21:56,836 log log.py 241 log_response Not Found: /media/images/pexels-photo-220453.webp
WARNING 2023-12-13 21:21:56,844 log log.py 241 log_response Not Found: /media/images/pexels-photo-2379004.jpeg
WARNING 2023-12-13 21:21:56,845 log log.py 241 log_response Not Found: /media/images/pexels-photo-5378700.webp
WARNING 2023-12-13 21:21:56,849 log log.py 241 log_response Not Found: /media/images/pexels-photo-1102341.webp
WARNING 2023-12-13 21:21:56,852 log log.py 241 log_response Not Found: /static/JS/jquery.js
WARNING 2023-12-13 21:21:56,858 log log.py 241 log_response Not Found: /static/css/book_store1.css
WARNING 2023-12-13 21:21:56,859 log log.py 241 log_response Not Found: /static/css/bootstrap.css
WARNING 2023-12-13 21:21:56,862 log log.py 241 log_response Not Found: /static/css/owl.carousel.min.css
WARNING 2023-12-13 21:21:56,862 log log.py 241 log_response Not Found: /static/css/owl.theme.green.min.css
WARNING 2023-12-13 21:21:56,862 log log.py 241 log_response Not Found: /static/css/font-awesome.min.css
WARNING 2023-12-13 21:21:56,862 log log.py 241 log_response Not Found: /static/css/bootstrap.min1.css
WARNING 2023-12-13 21:21:56,866 log log.py 241 log_response Not Found: /static/css/animate.css
WARNING 2023-12-13 21:21:56,867 log log.py 241 log_response Not Found: /static/css/owl.carousel.css
WARNING 2023-12-13 21:21:56,868 log log.py 241 log_response Not Found: /static/css/magnific-popup.css
WARNING 2023-12-13 21:21:56,869 log log.py 241 log_response Not Found: /static/css/template2.css
WARNING 2023-12-13 21:21:56,870 log log.py 241 log_response Not Found: /static/JS/bootstrap.min.js
WARNING 2023-12-13 21:21:56,875 log log.py 241 log_response Not Found: /static/JS/jquery.stellar.min.js
WARNING 2023-12-13 21:21:56,879 log log.py 241 log_response Not Found: /static/JS/wow.min.js
WARNING 2023-12-13 21:21:56,880 log log.py 241 log_response Not Found: /static/JS/owl.carousel.min.js
WARNING 2023-12-13 21:21:56,882 log log.py 241 log_response Not Found: /static/JS/jquery.magnific-popup.min.js
WARNING 2023-12-13 21:21:56,882 log log.py 241 log_response Not Found: /static/JS/smoothscroll.js
WARNING 2023-12-13 21:21:56,883 log log.py 241 log_response Not Found: /static/JS/custom.js
WARNING 2023-12-13 21:21:56,884 log log.py 241 log_response Not Found: /static/JS/scripts.js
WARNING 2023-12-13 21:21:56,888 log log.py 241 log_response Not Found: /media/images/rahul_pic_.jpeg
WARNING 2023-12-13 21:21:56,889 log log.py 241 log_response Not Found: /media/images/pexels-photo-1212984.webp
WARNING 2023-12-13 21:21:56,890 log log.py 241 log_response Not Found: /media/images/portrait-photography-profile-face-one-38289.jpeg
WARNING 2023-12-13 21:21:56,890 log log.py 241 log_response Not Found: /media/images/India_Air_Pollution_14005.jpg
WARNING 2023-12-13 21:21:56,891 log log.py 241 log_response Not Found: /media/images/intel-ai.webp
WARNING 2023-12-13 21:21:56,892 log log.py 241 log_response Not Found: /media/images/Sea-worm-20231125.jpg
WARNING 2023-12-13 21:21:56,898 log log.py 241 log_response Not Found: /media/images/cRRqZguM2iX38GsQppG3q6-650-80.jpg.webp
WARNING 2023-12-13 21:21:56,900 log log.py 241 log_response Not Found: /media/images/Planets-in-sync-20231130.jpg
WARNING 2023-12-13 21:21:56,912 log log.py 241 log_response Not Found: /static/JS/scripts.js
WARNING 2023-12-13 21:23:15,442 log log.py 241 log_response Not Found: /media/images/51Kxx05M1PL._SY445_SX342_.jpg
WARNING 2023-12-13 21:28:48,923 log log.py 241 log_response Not Found: /media/images/51Kxx05M1PL._SY445_SX342_.jpg
WARNING 2023-12-13 21:29:19,774 log log.py 241 log_response Not Found: /account/profile/media/images/icons8-search-80.png
WARNING 2023-12-13 21:30:03,763 log log.py 241 log_response Not Found: /sellbook/media/images/icons8-search-80.png
WARNING 2023-12-13 21:30:05,498 log log.py 241 log_response Not Found: /blog/assets/images/favicon.png
WARNING 2023-12-13 21:30:09,513 log log.py 241 log_response Not Found: /account/profile/media/images/icons8-search-80.png
WARNING 2023-12-20 19:15:23,857 log log.py 241 log_response Not Found: /favicon.ico
WARNING 2023-12-20 19:15:29,512 log log.py 241 log_response Not Found: /account/login/media/images/icons8-search-80.png
WARNING 2023-12-20 19:15:37,192 log log.py 241 log_response Not Found: /media/images/51Kxx05M1PL._SY445_SX342_.jpg
WARNING 2023-12-20 19:15:41,546 log log.py 241 log_response Not Found: /media/images/51Kxx05M1PL._SY445_SX342_.jpg
WARNING 2023-12-20 19:16:12,637 log log.py 241 log_response Not Found: /media/images/51Kxx05M1PL._SY445_SX342_.jpg
WARNING 2023-12-20 19:59:46,475 base base.py 146 http_method_not_allowed Method Not Allowed (GET): /account/logout/
WARNING 2023-12-20 19:59:46,527 log log.py 241 log_response Method Not Allowed: /account/logout/
WARNING 2023-12-20 19:59:51,427 base base.py 146 http_method_not_allowed Method Not Allowed (GET): /account/logout/
WARNING 2023-12-20 19:59:51,472 log log.py 241 log_response Method Not Allowed: /account/logout/
WARNING 2023-12-20 20:10:20,579 log log.py 241 log_response Not Found: /account/dashboard/media/images/icons8-search-80.png
WARNING 2023-12-20 20:22:04,785 base base.py 146 http_method_not_allowed Method Not Allowed (GET): /account/logout/
WARNING 2023-12-20 20:22:04,841 log log.py 241 log_response Method Not Allowed: /account/logout/
WARNING 2023-12-20 20:44:31,023 log log.py 241 log_response Not Found: /account/media/images/icons8-search-80.png
WARNING 2023-12-20 20:44:32,687 log log.py 241 log_response Not Found: /basket/media/images/icons8-search-80.png
WARNING 2023-12-20 20:58:13,275 log log.py 241 log_response Not Found: /basket/media/images/icons8-search-80.png
WARNING 2023-12-20 20:58:20,927 log log.py 241 log_response Not Found: /account/media/images/icons8-search-80.png
WARNING 2023-12-20 21:01:40,207 log log.py 241 log_response Not Found: /account/media/images/icons8-search-80.png
WARNING 2023-12-20 21:02:33,257 log log.py 241 log_response Not Found: /account/media/images/icons8-search-80.png
WARNING 2023-12-20 21:03:24,782 log log.py 241 log_response Not Found: /account/media/images/icons8-search-80.png
WARNING 2023-12-20 21:03:54,434 log log.py 241 log_response Not Found: /account/media/images/icons8-search-80.png
WARNING 2023-12-20 21:03:55,885 log log.py 241 log_response Not Found: /account/media/images/icons8-search-80.png
WARNING 2023-12-20 21:03:56,888 log log.py 241 log_response Not Found: /account/media/images/icons8-search-80.png
WARNING 2023-12-20 21:03:57,860 log log.py 241 log_response Not Found: /account/media/images/icons8-search-80.png
WARNING 2023-12-20 21:03:58,827 log log.py 241 log_response Not Found: /account/media/images/icons8-search-80.png
WARNING 2023-12-20 21:09:33,907 log log.py 241 log_response Not Found: /account/dashboard/media/images/icons8-search-80.png
WARNING 2023-12-21 08:34:21,775 log log.py 241 log_response Not Found: /favicon.ico
WARNING 2023-12-21 09:18:26,440 log log.py 241 log_response Not Found: /blog/assets/images/favicon.png
WARNING 2023-12-21 09:49:36,047 log log.py 241 log_response Not Found: /search/media/images/icons8-search-80.png
WARNING 2023-12-21 09:54:12,409 log log.py 241 log_response Not Found: /search/media/images/icons8-search-80.png
WARNING 2023-12-21 09:54:26,190 log log.py 241 log_response Not Found: /search/media/images/icons8-search-80.png
WARNING 2023-12-21 10:01:45,544 log log.py 241 log_response Not Found: /search/media/images/icons8-search-80.png
WARNING 2023-12-21 10:01:58,270 log log.py 241 log_response Not Found: /search/media/images/icons8-search-80.png
WARNING 2023-12-21 10:05:53,419 log log.py 241 log_response Not Found: /search/media/images/icons8-search-80.png
WARNING 2023-12-21 10:06:02,086 log log.py 241 log_response Not Found: /search/media/images/icons8-search-80.png
WARNING 2023-12-21 10:09:11,741 log log.py 241 log_response Not Found: /search/media/images/icons8-search-80.png
WARNING 2023-12-21 10:09:24,203 log log.py 241 log_response Not Found: /search/media/images/icons8-search-80.png
WARNING 2023-12-21 10:18:13,261 log log.py 241 log_response Not Found: /search/media/images/icons8-search-80.png
WARNING 2023-12-21 10:21:43,915 log log.py 241 log_response Not Found: /search/media/images/icons8-search-80.png
WARNING 2023-12-21 10:30:23,995 log log.py 241 log_response Not Found: /search/media/images/icons8-search-80.png
WARNING 2023-12-21 10:30:32,721 log log.py 241 log_response Not Found: /search/media/images/icons8-search-80.png
WARNING 2023-12-27 10:50:50,802 log log.py 241 log_response Not Found: /favicon.ico
WARNING 2023-12-27 10:50:54,624 log log.py 241 log_response Not Found: /basket/media/images/icons8-search-80.png
WARNING 2023-12-27 11:26:20,239 base base.py 146 http_method_not_allowed Method Not Allowed (GET): /account/logout/
WARNING 2023-12-27 11:26:20,298 log log.py 241 log_response Method Not Allowed: /account/logout/
WARNING 2023-12-27 11:26:39,949 log log.py 241 log_response Not Found: /search/media/images/icons8-search-80.png
WARNING 2023-12-28 09:17:47,334 log log.py 241 log_response Not Found: /favicon.ico
WARNING 2023-12-28 11:01:14,616 log log.py 241 log_response Not Found: /favicon.ico
WARNING 2023-12-28 12:57:57,579 log log.py 241 log_response Not Found: /search/media/images/icons8-search-80.png
WARNING 2023-12-28 16:49:48,164 log log.py 241 log_response Not Found: /favicon.ico
WARNING 2023-12-28 20:40:55,873 log log.py 241 log_response Not Found: /favicon.ico
WARNING 2023-12-29 08:51:29,837 log log.py 241 log_response Not Found: /favicon.ico
WARNING 2023-12-29 08:51:45,088 log log.py 241 log_response Not Found: /account/orders/media/images/icons8-search-80.png
WARNING 2023-12-29 08:53:45,068 log log.py 241 log_response Not Found: /account/orders/media/images/icons8-search-80.png
WARNING 2023-12-29 09:05:40,235 log log.py 241 log_response Not Found: /account/orders/media/images/icons8-search-80.png
WARNING 2023-12-29 09:08:39,890 log log.py 241 log_response Not Found: /account/dashboard/media/images/icons8-search-80.png
WARNING 2023-12-29 09:08:42,633 log log.py 241 log_response Not Found: /account/addresses/media/images/icons8-search-80.png
WARNING 2023-12-29 09:08:45,041 log log.py 241 log_response Not Found: /account/add_address/media/images/icons8-search-80.png
WARNING 2023-12-29 09:08:53,199 log log.py 241 log_response Not Found: /account/addresses/media/images/icons8-search-80.png
WARNING 2023-12-29 09:09:12,535 log log.py 241 log_response Not Found: /account/addresses/media/images/icons8-search-80.png
WARNING 2023-12-29 09:09:21,948 log log.py 241 log_response Not Found: /account/orders/media/images/icons8-search-80.png
WARNING 2023-12-29 09:11:58,089 log log.py 241 log_response Not Found: /account/orders/media/images/icons8-search-80.png
WARNING 2023-12-29 09:13:58,291 log log.py 241 log_response Not Found: /account/orders/media/images/icons8-search-80.png
WARNING 2023-12-29 09:15:35,563 log log.py 241 log_response Not Found: /account/orders/media/images/icons8-search-80.png
WARNING 2023-12-29 09:15:49,585 log log.py 241 log_response Not Found: /account/orders/media/images/icons8-search-80.png
WARNING 2023-12-29 09:16:00,785 log log.py 241 log_response Not Found: /account/orders/media/images/icons8-search-80.png
WARNING 2023-12-29 09:16:27,610 log log.py 241 log_response Not Found: /account/orders/media/images/icons8-search-80.png
WARNING 2023-12-29 09:17:00,531 log log.py 241 log_response Not Found: /account/orders/media/images/icons8-search-80.png
WARNING 2023-12-29 09:17:30,505 log log.py 241 log_response Not Found: /account/orders/media/images/icons8-search-80.png
WARNING 2023-12-29 09:17:49,426 log log.py 241 log_response Not Found: /account/orders/media/images/icons8-search-80.png
WARNING 2023-12-29 09:17:53,290 log log.py 241 log_response Not Found: /account/orders/media/images/icons8-search-80.png
WARNING 2023-12-29 09:18:06,679 log log.py 241 log_response Not Found: /account/orders/media/images/icons8-search-80.png
WARNING 2023-12-29 09:18:33,510 log log.py 241 log_response Not Found: /account/orders/media/images/icons8-search-80.png
WARNING 2023-12-29 09:19:41,116 log log.py 241 log_response Not Found: /account/orders/media/images/icons8-search-80.png
WARNING 2023-12-29 09:19:54,863 log log.py 241 log_response Not Found: /account/orders/media/images/icons8-search-80.png
WARNING 2023-12-29 09:20:01,490 log log.py 241 log_response Not Found: /account/orders/media/images/icons8-search-80.png
WARNING 2023-12-29 09:20:30,124 log log.py 241 log_response Not Found: /account/orders/media/images/icons8-search-80.png
WARNING 2023-12-29 09:21:52,015 log log.py 241 log_response Not Found: /account/orders/media/images/icons8-search-80.png
WARNING 2023-12-29 09:22:02,569 log log.py 241 log_response Not Found: /account/orders/media/images/icons8-search-80.png
WARNING 2023-12-29 09:22:11,274 log log.py 241 log_response Not Found: /account/orders/media/images/icons8-search-80.png
WARNING 2023-12-31 12:27:04,462 log log.py 241 log_response Not Found: /favicon.ico
WARNING 2023-12-31 12:27:10,682 log log.py 241 log_response Not Found: /blog/assets/images/favicon.png
WARNING 2023-12-31 12:28:25,376 log log.py 241 log_response Not Found: /blog/new/assets/images/favicon.png
